[35m[1mScanning dependencies of target aim_pole[0m
make[2]: *** ターゲット 'CMakeFiles/aim_pole.dir/build' を make するルールがありません.  中止.
make[1]: *** [CMakeFiles/Makefile2:265: CMakeFiles/aim_pole.dir/all] エラー 2
make[1]: *** 未完了のジョブを待っています....
[100%] Built target joy_test_node
make: *** [Makefile:141: all] エラー 2
