[35m[1mScanning dependencies of target joy_test_node[0m
[ 50%] [32mBuilding CXX object CMakeFiles/joy_test_node.dir/src/joy_test_node.cpp.o[0m
[01m[K/home/yoshi/joy_test_ws/src/joy_test/src/joy_test_node.cpp:7:1:[m[K [01;31m[Kerror: [m[Kâ€˜[01m[Kaim_list[m[Kâ€™ does not name a type
    7 | [01;31m[Kaim_list[m[K.data.resize(4);
      | [01;31m[K^~~~~~~~[m[K
[01m[K/home/yoshi/joy_test_ws/src/joy_test/src/joy_test_node.cpp:8:1:[m[K [01;31m[Kerror: [m[Kâ€˜[01m[Kaim_list[m[Kâ€™ does not name a type
    8 | [01;31m[Kaim_list[m[K.data = [0, 30, 60, 90];
      | [01;31m[K^~~~~~~~[m[K
[01m[K/home/yoshi/joy_test_ws/src/joy_test/src/joy_test_node.cpp:[m[K In function â€˜[01m[Kvoid joy_callback(const Joy&)[m[Kâ€™:
[01m[K/home/yoshi/joy_test_ws/src/joy_test/src/joy_test_node.cpp:22:3:[m[K [01;31m[Kerror: [m[Kâ€˜[01m[Kpub_aim[m[Kâ€™ was not declared in this scope
   22 |   [01;31m[Kpub_aim[m[K.publish(aim);
      |   [01;31m[K^~~~~~~[m[K
[01m[K/home/yoshi/joy_test_ws/src/joy_test/src/joy_test_node.cpp:[m[K In function â€˜[01m[Kint main(int, char**)[m[Kâ€™:
[01m[K/home/yoshi/joy_test_ws/src/joy_test/src/joy_test_node.cpp:31:41:[m[K [01;31m[Kerror: [m[Kâ€˜[01m[Kstd_msg[m[Kâ€™ was not declared in this scope; did you mean â€˜[01m[Kstd_msgs[m[Kâ€™?
   31 |   ros::Publisher pub_aim = nh.advertise<[01;31m[Kstd_msg[m[K::Float64>("aim",10);
      |                                         [01;31m[K^~~~~~~[m[K
      |                                         [32m[Kstd_msgs[m[K
[01m[K/home/yoshi/joy_test_ws/src/joy_test/src/joy_test_node.cpp:31:31:[m[K [01;31m[Kerror: [m[Kparse error in template argument list
   31 |   ros::Publisher pub_aim = nh.[01;31m[Kadvertise<std_msg::Float64>[m[K("aim",10);
      |                               [01;31m[K^~~~~~~~~~~~~~~~~~~~~~~~~~~[m[K
[01m[K/home/yoshi/joy_test_ws/src/joy_test/src/joy_test_node.cpp:31:67:[m[K [01;31m[Kerror: [m[Kno matching function for call to â€˜[01m[Kros::NodeHandle::advertise<<expression error> >(const char [4], int)[m[Kâ€™
   31 |   ros::Publisher pub_aim = nh.advertise<std_msg::Float64>("aim",10[01;31m[K)[m[K;
      |                                                                   [01;31m[K^[m[K
In file included from [01m[K/opt/ros/noetic/include/ros/ros.h:45[m[K,
                 from [01m[K/home/yoshi/joy_test_ws/src/joy_test/src/joy_test_node.cpp:1[m[K:
[01m[K/opt/ros/noetic/include/ros/node_handle.h:249:15:[m[K [01;36m[Knote: [m[Kcandidate: â€˜[01m[Ktemplate<class M> ros::Publisher ros::NodeHandle::advertise(const string&, uint32_t, bool)[m[Kâ€™
  249 |     Publisher [01;36m[Kadvertise[m[K(const std::string& topic, uint32_t queue_size, bool latch = false)
      |               [01;36m[K^~~~~~~~~[m[K
[01m[K/opt/ros/noetic/include/ros/node_handle.h:249:15:[m[K [01;36m[Knote: [m[K  template argument deduction/substitution failed:
[01m[K/home/yoshi/joy_test_ws/src/joy_test/src/joy_test_node.cpp:31:67:[m[K [01;31m[Kerror: [m[Ktemplate argument 1 is invalid
   31 |   ros::Publisher pub_aim = nh.advertise<std_msg::Float64>("aim",10[01;31m[K)[m[K;
      |                                                                   [01;31m[K^[m[K
In file included from [01m[K/opt/ros/noetic/include/ros/ros.h:45[m[K,
                 from [01m[K/home/yoshi/joy_test_ws/src/joy_test/src/joy_test_node.cpp:1[m[K:
[01m[K/opt/ros/noetic/include/ros/node_handle.h:315:13:[m[K [01;36m[Knote: [m[Kcandidate: â€˜[01m[Ktemplate<class M> ros::Publisher ros::NodeHandle::advertise(const string&, uint32_t, const SubscriberStatusCallback&, const SubscriberStatusCallback&, const VoidConstPtr&, bool)[m[Kâ€™
  315 |   Publisher [01;36m[Kadvertise[m[K(const std::string& topic, uint32_t queue_size,
      |             [01;36m[K^~~~~~~~~[m[K
[01m[K/opt/ros/noetic/include/ros/node_handle.h:315:13:[m[K [01;36m[Knote: [m[K  template argument deduction/substitution failed:
[01m[K/home/yoshi/joy_test_ws/src/joy_test/src/joy_test_node.cpp:31:67:[m[K [01;31m[Kerror: [m[Ktemplate argument 1 is invalid
   31 |   ros::Publisher pub_aim = nh.advertise<std_msg::Float64>("aim",10[01;31m[K)[m[K;
      |                                                                   [01;31m[K^[m[K
make[2]: *** [CMakeFiles/joy_test_node.dir/build.make:63: CMakeFiles/joy_test_node.dir/src/joy_test_node.cpp.o] ã‚¨ãƒ©ãƒ¼ 1
make[1]: *** [CMakeFiles/Makefile2:155: CMakeFiles/joy_test_node.dir/all] ã‚¨ãƒ©ãƒ¼ 2
make: *** [Makefile:141: all] ã‚¨ãƒ©ãƒ¼ 2
